<?xml version="1.0" encoding="UTF-8"?>
<!-- Generated by org.testng.reporters.JUnitXMLReporter -->
<testsuite ignored="0" hostname="Ankush" failures="1" tests="1" name="sanity" time="0.041" errors="0" timestamp="11 Sep 2025 16:54:19 GMT">
  <testcase classname="Test.day2" name="aaa" time="0.0">
    <failure type="org.testng.TestNGException" message="
Parameter &amp;apos;name&amp;apos; is required by @Test on method aaa but has not been marked @Optional or defined
in C:\Users\ankus\eclipse-workspace-new\TestngFramework\priyanka.xml">
      <![CDATA[org.testng.TestNGException: 
Parameter 'name' is required by @Test on method aaa but has not been marked @Optional or defined
in C:\Users\ankus\eclipse-workspace-new\TestngFramework\priyanka.xml
... Removed 24 stack frames]]>
    </failure>
  </testcase> <!-- aaa -->
</testsuite> <!-- sanity -->
